2018-05-12 22:41:25.562 [main] DEBUG c.imooc.o2o.dao.split.DynamicDataSourceInterceptor - 设置方法[com.imooc.o2o.dao.ProductImgDao.batchInsertProductImg]use[master]Strategy,SqlCommanType[INSERT]..
2018-05-12 22:41:25.568 [main] DEBUG com.imooc.o2o.dao.split.DynamicDataSourceHolder - 所使用的数据源为:master
2018-05-12 22:41:25.614 [main] DEBUG c.i.o2o.dao.ProductImgDao.batchInsertProductImg - ==>  Preparing: INSERT INTO tb_product_img(img_addr,img_desc,priority, create_time,product_id) VALUES ( ?, ?, ?, ?, ? ) , ( ?, ?, ?, ?, ? ) 
2018-05-12 22:41:25.638 [main] DEBUG c.i.o2o.dao.ProductImgDao.batchInsertProductImg - ==> Parameters: 图片1(String), 测试图片1(String), 1(Integer), 2018-05-12 22:41:25.538(Timestamp), 1(Long), 图片2(String), null, 1(Integer), 2018-05-12 22:41:25.538(Timestamp), 1(Long)
2018-05-12 22:42:37.023 [main] DEBUG c.imooc.o2o.dao.split.DynamicDataSourceInterceptor - 设置方法[com.imooc.o2o.dao.ProductImgDao.batchInsertProductImg]use[master]Strategy,SqlCommanType[INSERT]..
2018-05-12 22:42:37.027 [main] DEBUG com.imooc.o2o.dao.split.DynamicDataSourceHolder - 所使用的数据源为:master
2018-05-12 22:42:37.070 [main] DEBUG c.i.o2o.dao.ProductImgDao.batchInsertProductImg - ==>  Preparing: INSERT INTO tb_product_img(img_addr,img_desc,priority,create_time,product_id) VALUES ( ?, ?, ?, ?, ? ) , ( ?, ?, ?, ?, ? ) 
2018-05-12 22:42:37.114 [main] DEBUG c.i.o2o.dao.ProductImgDao.batchInsertProductImg - ==> Parameters: 图片1(String), 测试图片1(String), 1(Integer), 2018-05-12 22:42:36.988(Timestamp), 1(Long), 图片2(String), null, 1(Integer), 2018-05-12 22:42:36.988(Timestamp), 1(Long)
2018-05-12 22:43:52.225 [main] DEBUG c.imooc.o2o.dao.split.DynamicDataSourceInterceptor - 设置方法[com.imooc.o2o.dao.ProductImgDao.batchInsertProductImg]use[master]Strategy,SqlCommanType[INSERT]..
2018-05-12 22:43:52.229 [main] DEBUG com.imooc.o2o.dao.split.DynamicDataSourceHolder - 所使用的数据源为:master
2018-05-12 22:43:52.263 [main] DEBUG c.i.o2o.dao.ProductImgDao.batchInsertProductImg - ==>  Preparing: INSERT INTO tb_product_img(img_addr,img_desc,priority,create_time,product_id) VALUES (?,?,?,?,?) , (?,?,?,?,?) 
2018-05-12 22:43:52.286 [main] DEBUG c.i.o2o.dao.ProductImgDao.batchInsertProductImg - ==> Parameters: 图片1(String), 测试图片1(String), 1(Integer), 2018-05-12 22:43:52.208(Timestamp), 1(Long), 图片2(String), null, 1(Integer), 2018-05-12 22:43:52.208(Timestamp), 1(Long)
2018-05-12 22:44:14.450 [main] DEBUG c.imooc.o2o.dao.split.DynamicDataSourceInterceptor - 设置方法[com.imooc.o2o.dao.ProductImgDao.batchInsertProductImg]use[master]Strategy,SqlCommanType[INSERT]..
2018-05-12 22:44:14.453 [main] DEBUG com.imooc.o2o.dao.split.DynamicDataSourceHolder - 所使用的数据源为:master
2018-05-12 22:44:14.483 [main] DEBUG c.i.o2o.dao.ProductImgDao.batchInsertProductImg - ==>  Preparing: INSERT INTO tb_product_img(img_addr,img_desc,priority,create_time,product_id)VALUES (?,?,?,?,?) , (?,?,?,?,?) 
2018-05-12 22:44:14.505 [main] DEBUG c.i.o2o.dao.ProductImgDao.batchInsertProductImg - ==> Parameters: 图片1(String), 测试图片1(String), 1(Integer), 2018-05-12 22:44:14.431(Timestamp), 1(Long), 图片2(String), null, 1(Integer), 2018-05-12 22:44:14.431(Timestamp), 1(Long)
2018-05-12 22:45:08.351 [main] DEBUG c.imooc.o2o.dao.split.DynamicDataSourceInterceptor - 设置方法[com.imooc.o2o.dao.ProductImgDao.batchInsertProductImg]use[master]Strategy,SqlCommanType[INSERT]..
2018-05-12 22:45:08.355 [main] DEBUG com.imooc.o2o.dao.split.DynamicDataSourceHolder - 所使用的数据源为:master
2018-05-12 22:45:08.386 [main] DEBUG c.i.o2o.dao.ProductImgDao.batchInsertProductImg - ==>  Preparing: INSERT INTO tb_product_img(img_addr,img_desc,priority,create_time,product_id)VALUES (?,?,?,?,?) , (?,?,?,?,?) 
2018-05-12 22:45:08.410 [main] DEBUG c.i.o2o.dao.ProductImgDao.batchInsertProductImg - ==> Parameters: 图片1(String), 测试图片1(String), 1(Integer), 2018-05-12 22:45:08.335(Timestamp), 1(Long), 图片2(String), null, 1(Integer), 2018-05-12 22:45:08.335(Timestamp), 1(Long)
2018-05-12 22:46:35.806 [main] DEBUG c.imooc.o2o.dao.split.DynamicDataSourceInterceptor - 设置方法[com.imooc.o2o.dao.ProductImgDao.batchInsertProductImg]use[master]Strategy,SqlCommanType[INSERT]..
2018-05-12 22:46:35.811 [main] DEBUG com.imooc.o2o.dao.split.DynamicDataSourceHolder - 所使用的数据源为:master
2018-05-12 22:46:35.847 [main] DEBUG c.i.o2o.dao.ProductImgDao.batchInsertProductImg - ==>  Preparing: INSERT INTO tb_product_img(img_addr,img_desc,priority, create_time,product_id) VALUES ( ?, ?, ?, ?, ? ) , ( ?, ?, ?, ?, ? ) 
2018-05-12 22:46:35.871 [main] DEBUG c.i.o2o.dao.ProductImgDao.batchInsertProductImg - ==> Parameters: 图片1(String), 测试图片1(String), 1(Integer), 2018-05-12 22:46:35.785(Timestamp), 1(Long), 图片2(String), null, 1(Integer), 2018-05-12 22:46:35.785(Timestamp), 1(Long)
2018-05-12 23:21:12.541 [main] DEBUG c.imooc.o2o.dao.split.DynamicDataSourceInterceptor - 设置方法[com.imooc.o2o.dao.ProductImgDao.batchInsertProductImg]use[master]Strategy,SqlCommanType[INSERT]..
2018-05-12 23:21:12.544 [main] DEBUG com.imooc.o2o.dao.split.DynamicDataSourceHolder - 所使用的数据源为:master
2018-05-12 23:21:12.583 [main] DEBUG c.i.o2o.dao.ProductImgDao.batchInsertProductImg - ==>  Preparing: INSERT INTO tb_product_img(img_addr,img_desc,priority, create_time,product_id) VALUES ( ?, ?, ?, ?, ? ) , ( ?, ?, ?, ?, ? ) 
2018-05-12 23:21:12.606 [main] DEBUG c.i.o2o.dao.ProductImgDao.batchInsertProductImg - ==> Parameters: 图片1(String), 测试图片1(String), 1(Integer), 2018-05-12 23:21:12.516(Timestamp), 1(Long), 图片2(String), null, 1(Integer), 2018-05-12 23:21:12.516(Timestamp), 1(Long)
2018-05-12 23:21:12.608 [main] DEBUG c.i.o2o.dao.ProductImgDao.batchInsertProductImg - <==    Updates: 2
